2025-05-15 11:16:53 - Запуск теста всех запросов
2025-05-15 11:16:53 - Инициализация базы данных из XML
2025-05-15 11:16:53 - Загрузка данных из XML-файла
2025-05-15 11:17:14 - Запуск теста всех запросов
2025-05-15 11:17:14 - Инициализация базы данных из XML
2025-05-15 11:17:14 - Загрузка данных из XML-файла
2025-05-15 11:18:27 - Запуск теста всех запросов
2025-05-15 11:18:27 - Инициализация базы данных из XML
2025-05-15 11:18:27 - Загрузка данных из XML-файла
2025-05-15 11:20:48 - Запуск теста всех запросов
2025-05-15 11:20:48 - Инициализация базы данных из XML
2025-05-15 11:20:48 - Загрузка данных из XML-файла
2025-05-15 11:21:12 - Запуск теста всех запросов
2025-05-15 11:21:12 - Инициализация базы данных из XML
2025-05-15 11:21:12 - Загрузка данных из XML-файла
2025-05-15 11:21:12 - Запрос: Найти всех близнецов
2025-05-15 11:21:12 - Запрос: Найти детей, родившихся в заданном году
2025-05-15 11:21:12 - Запрос: Найти работающих жен с доходом больше заданной суммы
2025-05-15 11:21:12 - Запрос: Найти фамилии людей с заданным числом детей
2025-05-15 11:21:12 - Запрос: Найти самого старшего ребенка
2025-05-15 11:21:12 - Сохранение данных в XML-файл
2025-05-15 11:21:12 - Тест завершен
2025-05-15 11:21:52 - Запуск теста всех запросов
2025-05-15 11:21:52 - Инициализация базы данных из XML
2025-05-15 11:21:52 - Загрузка данных из XML-файла
2025-05-15 11:21:52 - Запрос: Найти всех близнецов
2025-05-15 11:21:52 - Запрос: Найти детей, родившихся в заданном году
2025-05-15 11:21:52 - Запрос: Найти работающих жен с доходом больше заданной суммы
2025-05-15 11:21:52 - Запрос: Найти фамилии людей с заданным числом детей
2025-05-15 11:21:52 - Запрос: Найти самого старшего ребенка
2025-05-15 11:21:52 - Сохранение данных в XML-файл
2025-05-15 11:21:52 - Тест завершен
2025-05-15 11:22:40 - Запуск теста всех запросов
2025-05-15 11:22:40 - Инициализация базы данных из XML
2025-05-15 11:22:40 - Загрузка данных из XML-файла
2025-05-15 11:22:40 - Запрос: Найти всех близнецов
2025-05-15 11:22:40 - Запрос: Найти детей, родившихся в заданном году
2025-05-15 11:22:40 - Запрос: Найти работающих жен с доходом больше заданной суммы
2025-05-15 11:22:40 - Запрос: Найти фамилии людей с заданным числом детей
2025-05-15 11:22:40 - Запрос: Найти самого старшего ребенка
2025-05-15 11:22:40 - Сохранение данных в XML-файл
2025-05-15 11:22:40 - Тест завершен
2025-05-15 11:23:22 - Запуск теста всех запросов
2025-05-15 11:23:22 - Инициализация базы данных из XML
2025-05-15 11:23:22 - Загрузка данных из XML-файла
2025-05-15 11:24:11 - Запуск теста всех запросов
2025-05-15 11:24:11 - Инициализация базы данных из XML
2025-05-15 11:24:11 - Загрузка данных из XML-файла
2025-05-15 11:24:11 - Запрос: Найти всех близнецов
2025-05-15 11:24:11 - Запрос: Найти детей, родившихся в заданном году
2025-05-15 11:24:11 - Запрос: Найти работающих жен с доходом больше заданной суммы
2025-05-15 11:24:11 - Запрос: Найти фамилии людей с заданным числом детей
2025-05-15 11:24:11 - Запрос: Найти самого старшего ребенка
2025-05-15 11:24:11 - Сохранение данных в XML-файл
2025-05-15 11:24:11 - Тест завершен
2025-05-15 11:25:41 - Запуск теста всех запросов
2025-05-15 11:25:41 - Инициализация базы данных из XML
2025-05-15 11:25:41 - Загрузка данных из XML-файла
2025-05-15 11:25:41 - Запрос: Найти всех близнецов
2025-05-15 11:25:41 - Запрос: Найти детей, родившихся в заданном году
2025-05-15 11:25:41 - Запрос: Найти работающих жен с доходом больше заданной суммы
2025-05-15 11:25:41 - Запрос: Найти фамилии людей с заданным числом детей
2025-05-15 11:25:41 - Запрос: Найти самого старшего ребенка
2025-05-15 11:25:41 - Сохранение данных в XML-файл
2025-05-15 11:25:41 - Тест завершен
2025-05-15 11:26:56 - Запуск теста всех запросов
2025-05-15 11:26:56 - Инициализация базы данных из XML
2025-05-15 11:26:56 - Загрузка данных из XML-файла
2025-05-15 11:26:56 - Запрос: Найти всех близнецов
2025-05-15 11:26:56 - Запрос: Найти детей, родившихся в заданном году
2025-05-15 11:26:56 - Запрос: Найти работающих жен с доходом больше заданной суммы
2025-05-15 11:26:56 - Запрос: Найти фамилии людей с заданным числом детей
2025-05-15 11:26:56 - Запрос: Найти самого старшего ребенка
2025-05-15 11:26:56 - Сохранение данных в XML-файл
2025-05-15 11:26:56 - Тест завершен
2025-05-15 11:27:27 - Запуск теста всех запросов
2025-05-15 11:27:27 - Инициализация базы данных из XML
2025-05-15 11:27:27 - Загрузка данных из XML-файла
2025-05-15 11:27:27 - Запрос: Найти всех близнецов
2025-05-15 11:27:27 - Запрос: Найти детей, родившихся в заданном году
2025-05-15 11:27:27 - Запрос: Найти работающих жен с доходом больше заданной суммы
2025-05-15 11:27:27 - Запрос: Найти фамилии людей с заданным числом детей
2025-05-15 11:27:27 - Запрос: Найти самого старшего ребенка
2025-05-15 11:27:27 - Сохранение данных в XML-файл
2025-05-15 11:27:27 - Тест завершен
2025-05-15 11:29:33 - Запуск теста всех запросов
2025-05-15 11:29:33 - Инициализация базы данных из XML
2025-05-15 11:29:33 - Загрузка данных из XML-файла
2025-05-15 11:29:33 - Запрос: Найти всех близнецов
2025-05-15 11:29:33 - Запрос: Найти детей, родившихся в заданном году
2025-05-15 11:29:33 - Запрос: Найти работающих жен с доходом больше заданной суммы
2025-05-15 11:29:33 - Запрос: Найти фамилии людей с заданным числом детей
2025-05-15 11:29:33 - Запрос: Найти самого старшего ребенка
2025-05-15 11:29:33 - Сохранение данных в XML-файл
2025-05-15 11:29:33 - Тест завершен
2025-05-15 11:30:11 - Запуск теста всех запросов
2025-05-15 11:30:11 - Инициализация базы данных из XML
2025-05-15 11:30:11 - Загрузка данных из XML-файла
2025-05-15 11:30:11 - Запрос: Найти всех близнецов
2025-05-15 11:30:11 - Запрос: Найти детей, родившихся в заданном году
2025-05-15 11:30:11 - Запрос: Найти работающих жен с доходом больше заданной суммы
2025-05-15 11:30:11 - Запрос: Найти фамилии людей с заданным числом детей
2025-05-15 11:30:11 - Запрос: Найти самого старшего ребенка
2025-05-15 11:30:11 - Сохранение данных в XML-файл
2025-05-15 11:30:11 - Тест завершен
2025-05-15 12:58:41 - Запуск теста всех запросов
2025-05-15 12:58:41 - Инициализация базы данных из XML
2025-05-15 12:58:41 - Загрузка данных из XML-файла
2025-05-15 12:58:41 - Запрос: Найти всех близнецов
2025-05-15 12:58:41 - Запрос: Найти детей, родившихся в заданном году
2025-05-15 12:58:41 - Запрос: Найти работающих жен с доходом больше заданной суммы
2025-05-15 12:58:41 - Запрос: Найти фамилии людей с заданным числом детей
2025-05-15 12:58:41 - Запрос: Найти самого старшего ребенка
2025-05-15 12:58:41 - Сохранение данных в XML-файл
2025-05-15 12:58:41 - Тест завершен
2025-05-15 12:59:23 - Запуск теста всех запросов
2025-05-15 12:59:23 - Инициализация базы данных из XML
2025-05-15 12:59:23 - Загрузка данных из XML-файла
2025-05-15 12:59:23 - Запрос: Найти всех близнецов
2025-05-15 12:59:23 - Запрос: Найти детей, родившихся в заданном году
2025-05-15 12:59:23 - Запрос: Найти работающих жен с доходом больше заданной суммы
2025-05-15 12:59:23 - Запрос: Найти фамилии людей с заданным числом детей
2025-05-15 12:59:23 - Запрос: Найти самого старшего ребенка
2025-05-15 12:59:23 - Тест завершен
2025-05-15 12:59:56 - Запуск теста всех запросов
2025-05-15 12:59:56 - Инициализация базы данных из XML
2025-05-15 12:59:56 - Загрузка данных из XML-файла
2025-05-15 12:59:56 - Запрос: Найти всех близнецов
2025-05-15 12:59:56 - Запрос: Найти детей, родившихся в заданном году
2025-05-15 12:59:56 - Запрос: Найти работающих жен с доходом больше заданной суммы
2025-05-15 12:59:56 - Запрос: Найти фамилии людей с заданным числом детей
2025-05-15 12:59:56 - Запрос: Найти самого старшего ребенка
2025-05-15 12:59:56 - Тест завершен
2025-05-15 15:32:05 - Запуск теста всех запросов
2025-05-15 15:32:05 - Инициализация базы данных из XML
2025-05-15 15:32:05 - Загрузка данных из XML-файла
2025-05-15 15:32:05 - Запрос: Найти всех близнецов
2025-05-15 15:32:05 - Запрос: Найти детей, родившихся в заданном году
2025-05-15 15:32:05 - Запрос: Найти работающих жен с доходом больше заданной суммы
2025-05-15 15:32:05 - Запрос: Найти фамилии людей с заданным числом детей
2025-05-15 15:32:05 - Запрос: Найти самого старшего ребенка
2025-05-15 15:32:05 - Сохранение данных в XML-файл
2025-05-15 15:32:05 - Тест завершен
2025-05-15 15:34:38 - Запуск теста всех запросов
2025-05-15 15:34:38 - Инициализация базы данных из XML
2025-05-15 15:34:38 - Загрузка данных из XML-файла
2025-05-15 15:34:38 - Запрос: Найти всех близнецов
2025-05-15 15:34:38 - Запрос: Найти детей, родившихся в заданном году
2025-05-15 15:34:38 - Запрос: Найти работающих жен с доходом больше заданной суммы
2025-05-15 15:34:38 - Запрос: Найти фамилии людей с заданным числом детей
2025-05-15 15:34:38 - Запрос: Найти самого старшего ребенка
2025-05-15 15:34:38 - Сохранение данных в XML-файл
2025-05-15 15:34:38 - Тест завершен
2025-05-15 15:41:58 - Запуск теста всех запросов
2025-05-15 15:41:58 - Инициализация базы данных из XML
2025-05-15 15:41:58 - Загрузка данных из XML-файла
2025-05-15 15:41:58 - Запрос: Найти всех близнецов
2025-05-15 15:41:58 - Запрос: Найти детей, родившихся в заданном году
2025-05-15 15:41:58 - Запрос: Найти работающих жен с доходом больше заданной суммы
2025-05-15 15:41:58 - Запрос: Найти фамилии людей с заданным числом детей
2025-05-15 15:41:58 - Запрос: Найти самого старшего ребенка
2025-05-15 15:41:58 - Сохранение данных в XML-файл
2025-05-15 15:41:59 - Тест завершен
